<?xml version="1.0" encoding="UTF-8"?>
<!-- Generated by org.testng.reporters.JUnitXMLReporter -->
<testsuite hostname="pradeepkumarv" name="Simple Test" tests="2" failures="0" timestamp="6 Sep 2016 11:25:41 GMT" time="31.269" errors="0">
  <testcase name="verifyGooglePageTittle" time="4.101" classname="com.sample.firstmavenproject.SampleGoogleTestCase"/>
  <testcase name="verifyGooglePageTittle" time="2.459" classname="com.sample.firstmavenproject.SampleGoogleTestCase_1"/>
</testsuite> <!-- Simple Test -->
